Determining if the pthread_create exist failed with the following output:
Change Dir: /home/mmartin/nao/workspace/NaoEyeTracking/build-naorobot/CMakeFiles/CMakeTmp

Run Build Command:/usr/bin/make "cmTryCompileExec3729682797/fast"
/usr/bin/make -f CMakeFiles/cmTryCompileExec3729682797.dir/build.make CMakeFiles/cmTryCompileExec3729682797.dir/build
make[1]: Entering directory `/home/mmartin/nao/workspace/NaoEyeTracking/build-naorobot/CMakeFiles/CMakeTmp'
/usr/bin/cmake -E cmake_progress_report /home/mmartin/nao/workspace/NaoEyeTracking/build-naorobot/CMakeFiles/CMakeTmp/CMakeFiles 1
Building C object CMakeFiles/cmTryCompileExec3729682797.dir/CheckSymbolExists.c.o
/usr/bin/cc    -o CMakeFiles/cmTryCompileExec3729682797.dir/CheckSymbolExists.c.o   -c /home/mmartin/nao/workspace/NaoEyeTracking/build-naorobot/CMakeFiles/CMakeTmp/CheckSymbolExists.c
Linking C executable cmTryCompileExec3729682797
/usr/bin/cmake -E cmake_link_script CMakeFiles/cmTryCompileExec3729682797.dir/link.txt --verbose=1
/usr/bin/cc         CMakeFiles/cmTryCompileExec3729682797.dir/CheckSymbolExists.c.o  -o cmTryCompileExec3729682797 -rdynamic 
CMakeFiles/cmTryCompileExec3729682797.dir/CheckSymbolExists.c.o: In function `main':
CheckSymbolExists.c:(.text+0x16): undefined reference to `pthread_create'
collect2: error: ld returned 1 exit status
make[1]: *** [cmTryCompileExec3729682797] Error 1
make[1]: Leaving directory `/home/mmartin/nao/workspace/NaoEyeTracking/build-naorobot/CMakeFiles/CMakeTmp'
make: *** [cmTryCompileExec3729682797/fast] Error 2

File /home/mmartin/nao/workspace/NaoEyeTracking/build-naorobot/CMakeFiles/CMakeTmp/CheckSymbolExists.c:
/* */
#include <pthread.h>

int main(int argc, char** argv)
{
  (void)argv;
#ifndef pthread_create
  return ((int*)(&pthread_create))[argc];
#else
  (void)argc;
  return 0;
#endif
}

Determining if the function pthread_create exists in the pthreads failed with the following output:
Change Dir: /home/mmartin/nao/workspace/NaoEyeTracking/build-naorobot/CMakeFiles/CMakeTmp

Run Build Command:/usr/bin/make "cmTryCompileExec2121094027/fast"
/usr/bin/make -f CMakeFiles/cmTryCompileExec2121094027.dir/build.make CMakeFiles/cmTryCompileExec2121094027.dir/build
make[1]: Entering directory `/home/mmartin/nao/workspace/NaoEyeTracking/build-naorobot/CMakeFiles/CMakeTmp'
/usr/bin/cmake -E cmake_progress_report /home/mmartin/nao/workspace/NaoEyeTracking/build-naorobot/CMakeFiles/CMakeTmp/CMakeFiles 1
Building C object CMakeFiles/cmTryCompileExec2121094027.dir/CheckFunctionExists.c.o
/usr/bin/cc   -DCHECK_FUNCTION_EXISTS=pthread_create   -o CMakeFiles/cmTryCompileExec2121094027.dir/CheckFunctionExists.c.o   -c /usr/share/cmake-2.8/Modules/CheckFunctionExists.c
Linking C executable cmTryCompileExec2121094027
/usr/bin/cmake -E cmake_link_script CMakeFiles/cmTryCompileExec2121094027.dir/link.txt --verbose=1
/usr/bin/cc     -DCHECK_FUNCTION_EXISTS=pthread_create    CMakeFiles/cmTryCompileExec2121094027.dir/CheckFunctionExists.c.o  -o cmTryCompileExec2121094027 -rdynamic -lpthreads 
/usr/bin/ld: cannot find -lpthreads
collect2: error: ld returned 1 exit status
make[1]: *** [cmTryCompileExec2121094027] Error 1
make[1]: Leaving directory `/home/mmartin/nao/workspace/NaoEyeTracking/build-naorobot/CMakeFiles/CMakeTmp'
make: *** [cmTryCompileExec2121094027/fast] Error 2


